341115
1347460
2716471
3192083
6283689
11910940
14673946
22507977
25223514
36146257
36171153
40162023
44124582
44589323
45053853
45906448
50930380
64063359
80180275
86595062
93161477
97204626
109710273
118378803
123785203
139985019
152309219
165418121
172192736
175211394
185970091
186285984
187748093
200229751
204164835
220688083
242949498
246240473
265117951
280753307
304167821
331121272
350248256
355192098
393919574
411682252
429318078
437702800
450954452
469941263
487807005
516474534
537276157
540113972
552792201
571312144
576887111
591944461
599469387
620318785
650406155
678438837
680458198
705158642
711489620
752228052
789667709
796014409
834139653
860954086
865849704
901492986
909384601
912933550
963162314
999583150
1021221916
1023908805
1055716486
1121609780
1127157169
1180918629
1184085920
1247136549
1251245468
1311103795
1322687269
1384179156
1418575678
1475711996
1542194344
1564901237
1582275340
1604652934
1615653223
1631866364
1644828101
1649084576
1696664064
1749606660
1809725695
1866926428
1907286524
1915901528
1981589572
2028864509
2084330096
2085615709
2125656341
-2123544837
-2072403782
-2036986740
-1992050302
-1902573886
-1862003827
-1807961382
-1799661577
-1779543555
-1747715574
-1660478767
-1642914868
-1581854231
-1496847191
-1451087893
-1376203091
-1275370433
-1274024031
-1176367623
-1123292236
-1078158656
-1021692791
-955651840
-873274887
-781107730
-745192364
-695122223
-630727565
-575132493
-536317614
-472792347
-416489502
-395713332
-380776018
-286926248
-281731635
-239356599
-196954263
-136120808
-44162352
65339965
106897128
182945577
253613616
275152276
327079583
353425410
370336039
400857833
530788751
647755805
687912630
817458864
922871898
936476774
1077829008
1212592719
1224359403
1330763185
1395402327
1407672457
1505167992
1624155429
1745570260
1746042427
1855050079
1931036773
1994853787
2126818533
-2076517067
-2057798995
-2013027107
-1939165907
-1822576719
-1685942261
-1685042069
-1577028923
-1468995617
-1396142894
-1258883757
-1213087482
-1140220181
-1073314239
-1038806569
-994995273
-847070319
-722880409
-652652494
-536668915
-433495959
-280449203
-136464695
3458318
145556761
161524868
281702058
460996163
613006621
702335617
