90446
944614
1397927
3233427
4359368
6633847
11763512
15411372
21858820
29045924
31544625
35747384
42531366
49261097
50938928
58542104
69284969
84340228
85984593
86553471
104790074
120874171
141939929
151189252
164730047
191129949
198174456
220044825
224854842
246291164
250323562
279399628
281958725
293437738
313176413
316245240
317354589
338223385
351704584
384096330
385320434
385341202
422471684
447280803
478683657
481935839
499807432
529689373
537194148
559467249
560306586
576094224
610598878
654040277
695794254
722748663
759901615
800993588
821061607
823531330
846094131
888461428
918893885
967382630
975616023
1007578114
1018941698
1046916271
1074844914
1106559832
1124620049
1176845780
1224125740
1269571058
1289378090
1291613476
1329686026
1366303901
1416580221
1457966836
1487725611
1527412218
1565992223
1620345231
1666112356
1712181227
1786991969
1798524791
1815423903
1890954734
1972973213
2019652246
2053623892
2106218646
-2127419566
-2090995387
-2046025333
-2033081236
-1991100019
-1973140400
-1966316217
-1964237581
-1885823804
-1865162193
-1822337527
-1764475089
-1681874610
-1579711203
-1540854275
-1459545202
-1372602240
-1279650711
-1208710327
-1120034586
-1037340435
-1000512024
-936151133
-897406963
-813629228
-704494341
-656240837
-544786229
-544770102
-528604117
-512035401
-445959211
-393266520
-286637321
-202195345
-141013492
-34331997
-29044391
51931707
85642401
109140763
134729046
154998956
239807051
329517196
452238673
588567765
660801860
712765359
764781442
857247977
978845636
995997428
1053486891
1093461864
1227719982
1297991774
1357775529
1468222884
1588564053
1702770592
1757514572
1831690496
1938210092
1975257362
2117769229
-2102952145
-2024623405
-1889182087
-1816910436
-1654146092
-1507524101
-1361321481
-1216340287
-1114041325
-968914276
-916450088
-914976126
-760549111
-641177184
-551247027
-420577415
-402188224
-220030429
-213077178
-35372110
17658273
163126816
204085918
260866000
438788192
621383580
808103629
890644881
1019481865
1050368650
1065378998
1145124188
1216376558
1356380104
1370252030
1401860262
1436232825
1441892560
1527963331
1553470582
1558104548
1644350647
1718884339
1773822393
1866129395
1902046170
1995918487
-2122378549
