475187
1965004
4603369
5320588
6535794
10044680
10468737
11618381
17137385
24249469
25531840
27064936
33367341
39368834
41891199
43693047
55011688
55494992
63328891
69302493
82691824
97050992
112571152
128204508
143112332
166415725
183139615
193664850
203038006
204705189
223440279
240233907
246669374
278190384
293588435
315202763
322288326
338562612
355948740
379555945
409092569
437414300
468175549
497296716
535322028
578444804
602575225
633605087
680357068
685177740
708706497
749913407
759685032
784048529
792323045
829615178
886341030
887147527
896010743
932337951
938928011
948775202
985801537
1035814429
1046016198
1047037827
1087620603
1090095505
1099107824
1156102041
1188405592
1222721205
1255857868
1328736697
1329196057
1360937242
1420800353
1433487411
1462300539
1500372172
1544588080
1562227873
1617805551
1642245894
1663418297
1722872093
1745657288
1751707100
1801389815
1809047273
1844429907
1923389598
1960034490
1973500225
2050067767
2121218805
-2084932849
-2082601706
-2022748331
-1955314462
-1945188628
-1939675732
-1882978947
-1839764823
-1781669999
-1716259371
-1678084267
-1583357485
-1483681141
-1463751018
-1449784953
-1388160326
-1296325356
-1208834096
-1104898950
-1026065871
-946667400
-855912914
-753596262
-644520415
-564677785
-495162121
-452281303
-402477000
-315602625
-280452681
-217747686
-113469154
6242829
99995256
150220030
188515123
250296139
263682285
286182062
388216596
505760297
530838299
664608228
709051583
753146049
817987582
904515892
953674833
956207021
984288294
1065437168
1097208675
1157238931
1161587230
1238231250
1344484500
1404329856
1459879543
1589157421
1655149453
1798705965
1808830466
1951819007
2043503448
-2092534135
-2028762018
-2027846548
-1960247800
-1959926860
-1926738285
-1864650119
-1846162962
-1768876534
-1618425419
-1580647197
-1539229320
-1533003443
-1512829146
-1467135057
-1454329272
-1319527555
-1173144246
-1157026397
-985212160
-841149499
-749279948
-692625557
-579937402
-508874078
-387506574
-230145297
-92316784
-4625121
36557929
172050128
313151568
428192712
443633710
611696961
729826473
771621941
774829011
946299868
1116356960
1209248263
1277868006
1281189660
1377911441
1412282292
1494487474
1534304272
1711033005
