267745
1286818
3372852
6926855
8467713
9594232
9747353
14959331
21423679
24049791
24688677
25327827
26604707
37549408
47697893
51624688
62347098
64049396
71126524
73995419
84390424
98053450
102352996
122423078
132859819
143388756
161456968
182926334
205342498
222892597
236914769
239890139
251432807
266435757
277707724
305299069
325416425
358834106
366262604
399320775
423923711
432852690
451804724
467161288
479357332
483516146
491665803
531715778
561315057
574087108
596748572
603172268
608301778
649092827
652566580
685149687
692458592
696489314
712444987
741765300
781026414
826095653
877764259
903443013
936373645
962502794
997106550
1025016959
1040206204
1100083733
1143378460
1208596910
1267769919
1312812835
1346634156
1356626860
1356694494
1394521942
1436497958
1448982164
1472159131
1500724739
1569898516
1636008177
1681360179
1708987726
1775645982
1826074175
1843240310
1916624607
1949026789
2001145074
2086116645
2145470736
-2142919675
-2068238891
-2057382725
-2008850852
-2000655351
-1921713171
-1836317362
-1801761420
-1740604761
-1649419678
-1575506391
-1486092117
-1478025360
-1414140538
-1347888553
-1277330763
-1258591279
-1176331952
-1168231632
-1135072935
-1104925084
-1098499475
-1076066753
-1060960404
-1042790465
-941489818
-841206744
-742876394
-720423558
-640863790
-598043841
-534049394
-460963804
-423717865
-413032641
-345432384
-304419844
-285071430
-280152949
-251999614
-207180725
-195742882
-161216932
-155019094
-144813170
-85788915
-52308526
31473548
43515888
60422789
68403615
93156689
106109549
146239264
159658962
290001668
391757627
444760830
459195251
489008377
498508994
505407513
532017896
595587033
658307237
740859853
790785969
914119562
981758580
1096141936
1205545032
1260382692
1323549506
1393231923
1405717144
1417297624
1548960275
1660188157
1714454281
1851608606
1990385166
2050784298
-2124174875
-1971582483
-1938182401
-1924948820
-1779068779
-1714061466
-1566554580
-1492644265
-1368815354
-1208673960
-1119518302
-1051699277
-931400772
-871626493
-709543453
-661773434
-561807679
-550251716
-505863740
-416324756
-272456796
-258523858
-226156319
-70691912
11399879
127241889
154993692
193648196
300798979
429103789
552777518
739513552
