275713
854321
2082823
3564166
4739660
5057955
7109242
11610682
14198003
15594788
17505176
18399687
23960501
31501058
35723491
37415331
44707310
54191777
56147025
59039456
61231278
77533443
81493679
82621075
98232500
98444554
108256688
108686152
115711714
134588323
158030293
166031627
185535168
206639824
225770056
232932676
234254671
259721729
279729347
283826204
297175293
301925955
322149096
333298068
350799952
362942303
364946283
382479561
399347670
410763590
423162849
426083189
434291171
442338817
458330816
465777997
482224753
484753785
514394890
524586201
526989113
532552392
572217042
605362713
650059616
659061107
707333809
713400716
747299194
765747705
807128002
860770821
875935376
897481456
930410687
994250912
1034716645
1054844762
1104048384
1152201155
1160257667
1177833154
1209721341
1233024653
1271303851
1301872280
1310790669
1312998293
1336687580
1393457441
1460323812
1495264529
1538348173
1608078240
1609226797
1617237092
1664822133
1701506747
1746521371
1782194135
1818694899
1857964333
1873744173
1897584265
1905717760
1960067772
2045114549
2076145247
2086899733
2133729861
-2131056803
-2070085460
-2028631613
-1941182110
-1890380436
-1885978779
-1816669157
-1749940975
-1730326251
-1668828393
-1640777006
-1595980125
-1580608703
-1477386792
-1404086595
-1330630410
-1326410514
-1285365613
-1197120743
-1127953797
-1051318542
-1032574372
-1005653338
-904384793
-868068929
-863912106
-855201069
-830050357
-774852215
-697858214
-642841198
-596069451
-544067119
-443078548
-386557131
-315578312
-277104689
-161727409
-134698573
-35019333
-2733767
90304499
178318665
253396821
366056340
463534289
502771016
621623627
675389584
738006243
806606490
811287431
912829162
919519182
1015761479
1145904960
1150861611
1248146755
1301070517
1433154332
1462433089
1491574314
1636495455
1739632309
1853141150
1854281091
1996080055
2050937407
2118722375
-2043926035
-1962863243
-1933915948
-1922881339
-1818939854
-1716096710
-1556251543
-1453992549
-1300742060
-1223156664
-1089628607
-1016242959
-1002316646
-936187910
-843824617
-708398996
-572638814
-571173806
-502980295
-373625780
-291387471
-237594132
-224717939
-123283042
20646761
77646291
175868370
304752158
421398712
