90465
928176
1024825
3354613
6252586
6843884
7821760
8482113
10145297
15704268
23293303
26850523
36574933
39795561
47347808
57297588
66387709
67150741
67794849
69099682
80743466
98405823
100648743
116704737
121259861
127570982
136856834
159396406
163162462
178208451
204458041
217621324
243243094
274403557
295740022
313353695
328853339
332392394
337247071
366312509
387617488
404263397
433374461
459216144
496655604
515788560
556506741
597810456
642073147
668432664
694634589
726802025
776015785
777512245
822783296
825408341
843708876
887983858
893222389
939533418
955715424
969053685
1026492438
1035609806
1092745661
1136762971
1188000830
1234914215
1293966188
1363932393
1426841790
1468385333
1545935893
1569347311
1643174928
1681332736
1715647539
1720787530
1786953216
1828320983
1915515017
1926908736
1946438230
1976675492
1989969805
2027229898
2100591144
2111581421
-2110134470
-2090295488
-2022157976
-2014165362
-2012408509
-1961851918
-1952060768
-1869990240
-1865344099
-1851302985
-1781259067
-1716571639
-1706066894
-1670532878
-1627067621
-1587432957
-1539909953
-1521425380
-1415565309
-1396768410
-1319258576
-1228301989
-1206171867
-1115960650
-1031025920
-945276916
-928366437
-905378960
-848726738
-760802595
-738427593
-664872285
-579728522
-574828048
-477281576
-410271561
-303272827
-187085373
-152769313
-29086949
49067859
175414541
269860980
270742630
277569027
382402704
402002488
536655589
596300385
606380428
732133801
771159893
815567519
915253004
943683421
1009345424
1032056190
1132106244
1267340237
1407111208
1480410593
1565260400
1578529782
1604692743
1713187199
1740714248
1852165310
1924238582
2006873737
2066202949
-2145679624
-2030667087
-1998006171
-1948472931
-1939346959
-1817724986
-1724728219
-1593878059
-1473906200
-1450542479
-1402703706
-1317789492
-1274261124
-1238797333
-1129280524
-982554963
-913977341
-745340752
-635317534
-572351412
-442677510
-417504065
-274641952
-196390736
-90710422
-79801219
-68764504
-16493122
2725116
36338311
160737741
236271000
280031816
460704838
464360394
568563036
637399751
788230547
848718811
1006197586
1084000522
1241685297
1390883641
1498932846
1610107141
1692861754
1796642501
1955499651
2145055912
-1948357557
