902020
1698243
3928201
5903290
11218608
13620832
17711048
22364588
26051774
31567206
41558468
54491737
57647184
59778538
65174743
65596339
67197103
80035114
86836342
94126626
99349192
110577791
114040153
116687723
135228076
148578575
164703556
167834593
188210695
192476814
208108055
234552138
236875427
264738825
288181002
312988426
325670298
362397080
385871773
391889354
406200995
448677999
451544730
484336035
496164731
525316833
557371052
578667101
586466537
601978591
622319184
631528258
642798074
649879131
669798899
682027852
723826656
732042481
752432265
758618063
785463284
836278450
887422994
914288071
964322779
1019020935
1034397315
1069123536
1075513651
1105095305
1145255064
1187414507
1207590421
1231341852
1299157069
1370509655
1401693487
1444760027
1485619109
1517595506
1544295750
1619012937
1657116939
1699004065
1741918718
1809692382
1887810212
1933025952
2006394724
2048552862
2088537961
-2146076959
-2086593166
-2031230792
-2014173733
-2007069845
-1956341436
-1928027542
-1895664061
-1844201982
-1818825673
-1725287658
-1632344048
-1617393153
-1594705771
-1503646717
-1416400152
-1373932878
-1335206406
-1334532755
-1288071785
-1210049482
-1117738521
-1009685921
-976319408
-975561258
-964542234
-919144988
-875078918
-814557692
-755130640
-669977975
-569202573
-452568519
-348513677
-224790414
-107076846
-45159661
-39412175
81453611
113003207
131673010
143439676
276357162
283202815
374472926
443379666
525894787
614561017
707262525
723570197
834881779
910731862
943823376
986687672
1110387266
1111916605
1145148504
1284301195
1394773561
1492219130
1535332604
1620859596
1696123755
1816535841
1930926329
1945557353
2066205908
2095989018
-2110229224
-2017147806
-1943688714
-1873942954
-1803146658
-1648572999
-1643361713
-1587969143
-1577783150
-1443634568
-1369265767
-1259075441
-1246852012
-1093967123
-1055445663
-950079229
-913868402
-777435390
-651200355
-630388170
-592877589
-506179110
-405515135
-236416728
-186337952
-153012644
-33583596
31782808
164434858
263696010
298601550
450746140
503898175
658351713
685837849
842421269
906859447
909211175
1030776309
1047255740
1144336099
1223626395
1306146964
1324491287
1501524468
1623657198
1629253561
1777006182
1970848591
