151773
690580
1680992
2711429
5215511
5940348
11166088
17848362
21496393
28599531
31330297
32948959
43859056
53999906
64894025
66476701
78918869
92812056
105259235
123339649
131570147
151452724
165523142
185060558
195531547
203467552
206478992
232848677
239902728
241716935
260320373
267714870
287580311
309320460
322408187
350502910
385965659
401677306
421426137
434677216
468093039
509235130
539614123
551767831
577802776
597070756
639337834
661183368
690341758
697045422
713388297
715879294
747481340
792992902
810647324
820259973
869593314
921197133
956616497
972355693
978591271
1036585470
1091884180
1112989126
1143417220
1151716074
1168604676
1175747735
1238293723
1240187866
1241768891
1306254087
1333803588
1392789662
1422983948
1449444855
1460559412
1493564313
1544012954
1563791460
1571831288
1624007300
1666394966
1745754516
1820232877
1879681452
1897594701
1921962152
1969071436
2016317063
2106546714
2144872059
-2081753542
-2039353635
-1993244694
-1926519603
-1834518114
-1802907785
-1715984515
-1710284781
-1697896167
-1680078321
-1627203863
-1588906115
-1490170012
-1425296466
-1342975729
-1334378425
-1260414254
-1162023403
-1081912880
-1065845395
-989606485
-879243373
-838054524
-781816514
-658519107
-610317388
-571432604
-508925278
-460760993
-354291767
-284842653
-259266395
-234538595
-158086194
-111412804
-41669974
55339257
152658129
253265911
304299476
341998469
358299163
436788731
514532300
607958731
651630313
722707451
831052119
851218353
868833622
898567300
1030458090
1149797568
1286354238
1312323358
1458871752
1525146522
1601046148
1651653505
1695851836
1794759049
1912150185
1951857534
2052044575
2083416440
2127651528
-2126085337
-2055051233
-1957132884
-1914879534
-1781880015
-1630987880
-1475877534
-1325625810
-1162371762
-1077827283
-1059928335
-910340015
-900924763
-867901370
-723766882
-628687565
-523482070
-489124773
-469487279
-394629936
-339983635
-238381976
-134262056
-64099367
91638388
192806693
361984822
483122238
558301468
726913267
888315789
1016412837
1186734940
1254062044
1413936031
1478864906
1490860096
1513576133
1659584034
1688315334
1714498214
1879818339
1925131286
1978142684
2020470108
-2127479667
-2008617015
-1902566867
-1857020833
-1659102494
