282427
1911006
2603574
2667739
5076520
7234054
8049088
12996276
19517426
28269081
31753536
40636426
47295080
59237321
75643421
78794592
84436538
85109538
102400944
111968017
126541635
148804080
162617767
185471356
212206114
237733926
267133158
281099737
313323369
324741655
351248468
364759391
371105073
408691168
438836405
464807128
477205257
496647071
498304608
511987264
529696344
566828800
586222967
611852021
630323301
635980988
659879617
676831782
727336244
728791223
779204666
823396154
837730860
883979560
918491940
937216528
972697011
1014275439
1021140795
1042583809
1047801809
1087793145
1124494468
1177172107
1224239403
1264492390
1287866917
1302705516
1327758168
1353469897
1372465857
1441183525
1463202935
1514135109
1561901960
1631182372
1702518846
1734913766
1804437732
1842081635
1843083523
1857813481
1897951411
1957938783
1981321229
2004794312
2081884073
-2141805296
-2124562651
-2122446914
-2084238334
-2043177867
-2035306759
-1968236746
-1934291040
-1866426493
-1780627169
-1692514423
-1639238429
-1589874344
-1537459656
-1447542940
-1345152576
-1250173116
-1247535797
-1214300562
-1212304244
-1123275724
-1055335096
-1044493048
-992854963
-892020575
-788876263
-749335794
-709671747
-707638308
-611168564
-530169409
-445763242
-373894853
-301531258
-260150702
-247714243
-158439079
-66188567
-14895067
91574612
224026548
316418768
423027828
497139637
594468689
651556184
786117486
791702107
850068644
858102039
899123521
972048991
1061846264
1074375546
1081926981
1087998899
1099342794
1154537145
1180743658
1245496317
1337432724
1406293701
1564140420
1673195653
1814582592
1935521091
2026305287
2094173160
2100107237
2113913719
-2103347853
-2020725751
-1925747271
-1868714766
-1801835103
-1770957007
-1608813704
-1532364992
-1508133520
-1479881364
-1385434137
-1243097175
-1076123701
-1075055920
-938583429
-820690795
-801570642
-638338308
-518560563
-357161275
-345213696
-279498208
-225603150
-122274175
20457540
72517146
124993308
130422435
153646685
318031526
419301155
430653308
472221063
640645816
790189959
808435686
998491990
1176151454
1198384726
1278166670
1353582449
1511078205
1654203429
1758827667
1864890733
1958350411
1961935031
2064579776
-2126887682
-2102572249
-1983944304
