31660
633889
1599812
3901647
5973246
9980833
11036929
16665225
18613874
19035542
22726178
27436046
35255369
40996567
45547542
57977890
70874234
76061044
85532017
85546555
92557595
100645141
101885769
109471874
120970688
123060333
139639169
148786085
149436532
169926122
183671531
209830408
223914907
251780954
255367240
288832025
313488091
336876778
369987800
387627033
411475725
421989574
431903654
472787637
475385689
516439861
544831098
583631753
617258305
653421498
655470617
683200275
686830214
710323074
751975319
759207331
809167703
853291484
888197765
923339237
927366198
955291475
960127751
964067917
974679253
1006830304
1065208649
1120145631
1138174492
1155422996
1165500296
1208748139
1248565467
1284372971
1319728639
1326683039
1359980360
1385702274
1422121907
1437193529
1505139883
1543006620
1564538949
1593899282
1654633749
1732271057
1812162803
1815584039
1845487339
1905870517
1930450183
1960178738
2027337681
2060768544
2140783889
2142990137
-2071891491
-2042115646
-2000119625
-1927189266
-1835532835
-1799383044
-1770722994
-1752244578
-1691830956
-1635540839
-1549319281
-1475658788
-1450004109
-1406175378
-1393866171
-1376031619
-1322422504
-1253940769
-1233356458
-1154648668
-1048716042
-1040643868
-1039344867
-936704909
-918990453
-804296914
-697279235
-642679059
-540012195
-513823742
-435664587
-396703518
-373780708
-347678272
-291693577
-206527188
-86237196
-29522856
-2484710
50310310
163057858
287764146
305500790
363601995
493294539
613169821
702759967
707442667
820260572
902968509
967231577
1023173910
1145393931
1282971443
1283657921
1390774799
1424916997
1507337953
1530941764
1545443464
1645014759
1718123173
1797792460
1921573350
1980980779
2096956491
2117729702
-2044077103
-1939073347
-1784825225
-1671201282
-1630602257
-1542055801
-1532317017
-1432375178
-1373120465
-1319418743
-1166924424
-1140009906
-1049496753
-936385734
-814139612
-691081204
-549208843
-460296824
-447590035
-363543454
-228197048
-187368761
-18892520
-7119587
59803166
108123116
231548340
344574039
346589433
402600675
550418209
618545669
800143702
937053734
1074232629
1102872659
1254121689
1408619134
1603613571
1752645605
1826287430
1950841544
1991329369
-2119722789
-2029231498
